
2018-09-27 19:44:12...installerHook: Info: custom/install/install_hooks.php not present, no custom hooks to execute
2018-09-27 19:44:23...Begin System Check Process *************
2018-09-27 19:44:23...XML Parsing Support Found
2018-09-27 19:44:23...MBString Support Found
2018-09-27 19:44:23...ZIP Support Found
2018-09-27 19:44:23.../custom directory and subdirectory check passed
2018-09-27 19:44:23...cache directory and subdirectory check passed
2018-09-27 19:44:32.../module  directory and subdirectory check passed
2018-09-27 19:44:32.../upload directory check passed
2018-09-27 19:44:32.../zip check passed
2018-09-27 19:44:32...PCRE version check passed
2018-09-27 19:44:32...installerHook: Info: custom/install/install_hooks.php not present, no custom hooks to execute
2018-09-27 19:44:32...php.ini location found. C:\xampp\php\php.ini
2018-09-27 19:44:32...Outputting HTML for System check
2018-09-27 19:44:32...No Errors were found *************
2018-09-27 19:44:33...installerHook: Info: custom/install/install_hooks.php not present, no custom hooks to execute
2018-09-27 19:44:39...installerHook: Info: custom/install/install_hooks.php not present, no custom hooks to execute
2018-09-27 19:58:28...Begin DB Check Process *************
2018-09-27 19:58:28...testing with mysql:mysqli
2018-09-27 19:58:28...Basic form info is valid, continuing Process.
2018-09-27 19:58:28...Testing priviliged account...
2018-09-27 19:58:28...Connection made using  host: localhost, usr: becfrance
2018-09-27 19:58:28...DB not selected, will create bec
2018-09-27 19:58:28...Passed DB install check
2018-09-27 19:58:28...SUCCESS:: no errors detected!
2018-09-27 19:58:28...End DB Check Process *************
2018-09-27 19:58:29...installerHook: Info: custom/install/install_hooks.php not present, no custom hooks to execute
2018-09-27 19:58:30...calling handleSugarConfig()
2018-09-27 19:58:30...calling handleHtaccess()
2018-09-27 19:58:30...calling handleDbCreateDatabase()
2018-09-27 19:58:45...looping through all the Beans and create their tables
2018-09-27 19:58:45...processing table acl_actions
2018-09-27 19:58:46...creating table acl_actions
2018-09-27 19:58:46...creating Relationship Meta for ACLAction
2018-09-27 19:58:46...processing table acl_roles
2018-09-27 19:58:47...creating table acl_roles
2018-09-27 19:58:47...creating Relationship Meta for ACLRole
2018-09-27 19:58:47...processing table relationships
2018-09-27 19:58:47...creating table relationships
2018-09-27 19:58:47...creating Relationship Meta for Relationship
2018-09-27 19:58:49...processing table leads
2018-09-27 19:59:00...creating table leads
2018-09-27 19:59:00...creating Relationship Meta for Lead
2018-09-27 19:59:01...processing table cases
2018-09-27 19:59:03...creating table cases
2018-09-27 19:59:03...creating Relationship Meta for Case
2018-09-27 19:59:04...processing table bugs
2018-09-27 19:59:07...creating table bugs
2018-09-27 19:59:07...creating Relationship Meta for Bug
2018-09-27 19:59:09...processing table users
2018-09-27 19:59:13...creating table users
2018-09-27 19:59:13...creating Relationship Meta for User
2018-09-27 19:59:13...processing table campaign_log
2018-09-27 19:59:14...creating table campaign_log
2018-09-27 19:59:14...creating Relationship Meta for CampaignLog
2018-09-27 19:59:15...processing table project
2018-09-27 19:59:17...creating table project
2018-09-27 19:59:17...creating Relationship Meta for Project
2018-09-27 19:59:19...processing table project_task
2018-09-27 19:59:21...creating table project_task
2018-09-27 19:59:21...creating Relationship Meta for ProjectTask
2018-09-27 19:59:25...processing table campaigns
2018-09-27 19:59:41...creating table campaigns
2018-09-27 19:59:41...creating Relationship Meta for Campaign
2018-09-27 19:59:49...processing table prospect_lists
2018-09-27 20:00:00...creating table prospect_lists
2018-09-27 20:00:02...creating Relationship Meta for ProspectList
2018-09-27 20:00:04...processing table prospects
2018-09-27 20:00:09...creating table prospects
2018-09-27 20:00:09...creating Relationship Meta for Prospect
2018-09-27 20:00:11...processing table email_marketing
2018-09-27 20:00:15...creating table email_marketing
2018-09-27 20:00:15...creating Relationship Meta for EmailMarketing
2018-09-27 20:00:15...processing table campaign_trkrs
2018-09-27 20:00:16...creating table campaign_trkrs
2018-09-27 20:00:16...creating Relationship Meta for CampaignTracker
2018-09-27 20:00:16...processing table releases
2018-09-27 20:00:21...creating table releases
2018-09-27 20:00:22...creating Relationship Meta for Release
2018-09-27 20:00:22...processing table emailman
2018-09-27 20:00:26...creating table emailman
2018-09-27 20:00:26...creating Relationship Meta for EmailMan
2018-09-27 20:00:27...processing table schedulers
2018-09-27 20:00:30...creating table schedulers
2018-09-27 20:00:30...creating Relationship Meta for Scheduler
2018-09-27 20:00:31...processing table job_queue
2018-09-27 20:00:32...creating table job_queue
2018-09-27 20:00:32...creating Relationship Meta for SchedulersJob
2018-09-27 20:00:33...processing table contacts
2018-09-27 20:00:41...creating table contacts
2018-09-27 20:00:41...creating Relationship Meta for Contact
2018-09-27 20:00:47...processing table accounts
2018-09-27 20:00:52...creating table accounts
2018-09-27 20:00:52...creating Relationship Meta for Account
2018-09-27 20:01:03...processing table opportunities
2018-09-27 20:01:09...creating table opportunities
2018-09-27 20:01:09...creating Relationship Meta for Opportunity
2018-09-27 20:01:12...processing table email_templates
2018-09-27 20:01:15...creating table email_templates
2018-09-27 20:01:15...creating Relationship Meta for EmailTemplate
2018-09-27 20:01:16...processing table notes
2018-09-27 20:01:19...creating table notes
2018-09-27 20:01:20...creating Relationship Meta for Note
2018-09-27 20:01:20...processing table calls
2018-09-27 20:01:22...creating table calls
2018-09-27 20:01:22...creating Relationship Meta for Call
2018-09-27 20:01:24...processing table emails
2018-09-27 20:01:27...creating table emails
2018-09-27 20:01:27...creating Relationship Meta for Email
2018-09-27 20:01:29...processing table meetings
2018-09-27 20:01:31...creating table meetings
2018-09-27 20:01:31...creating Relationship Meta for Meeting
2018-09-27 20:01:33...processing table tasks
2018-09-27 20:01:36...creating table tasks
2018-09-27 20:01:36...creating Relationship Meta for Task
2018-09-27 20:01:36...processing table users
2018-09-27 20:01:37...processing table users
2018-09-27 20:01:37...processing table currencies
2018-09-27 20:01:37...creating table currencies
2018-09-27 20:01:37...creating Relationship Meta for Currency
2018-09-27 20:01:37...processing table tracker
2018-09-27 20:01:38...creating table tracker
2018-09-27 20:01:38...creating Relationship Meta for Tracker
2018-09-27 20:01:38...processing table import_maps
2018-09-27 20:01:39...creating table import_maps
2018-09-27 20:01:39...creating Relationship Meta for ImportMap
2018-09-27 20:01:39...processing table users_last_import
2018-09-27 20:01:39...creating table users_last_import
2018-09-27 20:01:39...creating Relationship Meta for UsersLastImport
2018-09-27 20:01:40...processing table config
2018-09-27 20:01:40...creating table config
2018-09-27 20:01:40...creating Relationship Meta for Administration
2018-09-27 20:01:40...processing table upgrade_history
2018-09-27 20:01:41...creating table upgrade_history
2018-09-27 20:01:41...creating Relationship Meta for UpgradeHistory
2018-09-27 20:01:41...processing table vcals
2018-09-27 20:01:41...creating table vcals
2018-09-27 20:01:41...creating Relationship Meta for vCal
2018-09-27 20:01:42...processing table alerts
2018-09-27 20:01:43...creating table alerts
2018-09-27 20:01:43...creating Relationship Meta for Alert
2018-09-27 20:01:44...processing table roles
2018-09-27 20:01:44...creating table roles
2018-09-27 20:01:44...creating Relationship Meta for Role
2018-09-27 20:01:45...processing table documents
2018-09-27 20:01:47...creating table documents
2018-09-27 20:01:47...creating Relationship Meta for Document
2018-09-27 20:01:48...processing table document_revisions
2018-09-27 20:01:48...creating table document_revisions
2018-09-27 20:01:48...creating Relationship Meta for DocumentRevision
2018-09-27 20:01:48...processing table fields_meta_data
2018-09-27 20:01:49...creating table fields_meta_data
2018-09-27 20:01:49...creating Relationship Meta for FieldsMetaData
2018-09-27 20:01:50...processing table inbound_email
2018-09-27 20:01:51...creating table inbound_email
2018-09-27 20:01:51...creating Relationship Meta for InboundEmail
2018-09-27 20:01:51...processing table saved_search
2018-09-27 20:01:52...creating table saved_search
2018-09-27 20:01:52...creating Relationship Meta for SavedSearch
2018-09-27 20:01:52...processing table user_preferences
2018-09-27 20:01:53...creating table user_preferences
2018-09-27 20:01:53...creating Relationship Meta for UserPreference
2018-09-27 20:01:53...processing table 
2018-09-27 20:01:53...processing table email_addresses
2018-09-27 20:01:55...creating table email_addresses
2018-09-27 20:01:55...creating Relationship Meta for EmailAddress
2018-09-27 20:01:55...processing table emails_text
2018-09-27 20:01:55...creating table emails_text
2018-09-27 20:01:55...creating Relationship Meta for EmailText
2018-09-27 20:01:56...processing table spots
2018-09-27 20:01:58...creating table spots
2018-09-27 20:01:58...creating Relationship Meta for Spots
2018-09-27 20:01:59...processing table aobh_businesshours
2018-09-27 20:01:59...creating table aobh_businesshours
2018-09-27 20:01:59...creating Relationship Meta for AOBH_BusinessHours
2018-09-27 20:02:00...processing table sugarfeed
2018-09-27 20:02:01...creating table sugarfeed
2018-09-27 20:02:01...creating Relationship Meta for SugarFeed
2018-09-27 20:02:01...processing table eapm
2018-09-27 20:02:03...creating table eapm
2018-09-27 20:02:03...creating Relationship Meta for EAPM
2018-09-27 20:02:04...processing table oauth_consumer
2018-09-27 20:02:05...creating table oauth_consumer
2018-09-27 20:02:05...creating Relationship Meta for OAuthKey
2018-09-27 20:02:05...processing table oauth_tokens
2018-09-27 20:02:06...creating table oauth_tokens
2018-09-27 20:02:06...creating Relationship Meta for OAuthToken
2018-09-27 20:02:07...processing table am_projecttemplates
2018-09-27 20:02:09...creating table am_projecttemplates
2018-09-27 20:02:09...creating Relationship Meta for AM_ProjectTemplates
2018-09-27 20:02:10...processing table am_tasktemplates
2018-09-27 20:02:12...creating table am_tasktemplates
2018-09-27 20:02:12...creating Relationship Meta for AM_TaskTemplates
2018-09-27 20:02:13...processing table favorites
2018-09-27 20:02:14...creating table favorites
2018-09-27 20:02:14...creating Relationship Meta for Favorites
2018-09-27 20:02:14...processing table aok_knowledge_base_categories
2018-09-27 20:02:16...creating table aok_knowledge_base_categories
2018-09-27 20:02:16...creating Relationship Meta for AOK_Knowledge_Base_Categories
2018-09-27 20:02:17...processing table aok_knowledgebase
2018-09-27 20:02:19...creating table aok_knowledgebase
2018-09-27 20:02:19...creating Relationship Meta for AOK_KnowledgeBase
2018-09-27 20:02:20...processing table reminders
2018-09-27 20:02:21...creating table reminders
2018-09-27 20:02:21...creating Relationship Meta for Reminder
2018-09-27 20:02:21...processing table reminders_invitees
2018-09-27 20:02:22...creating table reminders_invitees
2018-09-27 20:02:22...creating Relationship Meta for Reminder_Invitee
2018-09-27 20:02:23...processing table fp_events
2018-09-27 20:02:25...creating table fp_events
2018-09-27 20:02:25...creating Relationship Meta for FP_events
2018-09-27 20:02:26...processing table fp_event_locations
2018-09-27 20:02:28...creating table fp_event_locations
2018-09-27 20:02:28...creating Relationship Meta for FP_Event_Locations
2018-09-27 20:02:29...processing table aod_indexevent
2018-09-27 20:02:33...creating table aod_indexevent
2018-09-27 20:02:33...creating Relationship Meta for AOD_IndexEvent
2018-09-27 20:02:34...processing table aod_index
2018-09-27 20:02:38...creating table aod_index
2018-09-27 20:02:38...creating Relationship Meta for AOD_Index
2018-09-27 20:02:38...processing table aop_case_events
2018-09-27 20:02:41...creating table aop_case_events
2018-09-27 20:02:41...creating Relationship Meta for AOP_Case_Events
2018-09-27 20:02:42...processing table aop_case_updates
2018-09-27 20:02:45...creating table aop_case_updates
2018-09-27 20:02:45...creating Relationship Meta for AOP_Case_Updates
2018-09-27 20:02:47...processing table aor_reports
2018-09-27 20:02:49...creating table aor_reports
2018-09-27 20:02:49...creating Relationship Meta for AOR_Report
2018-09-27 20:02:51...processing table aor_fields
2018-09-27 20:02:51...creating table aor_fields
2018-09-27 20:02:51...creating Relationship Meta for AOR_Field
2018-09-27 20:02:52...processing table aor_charts
2018-09-27 20:02:52...creating table aor_charts
2018-09-27 20:02:52...creating Relationship Meta for AOR_Chart
2018-09-27 20:02:53...processing table aor_conditions
2018-09-27 20:02:54...creating table aor_conditions
2018-09-27 20:02:54...creating Relationship Meta for AOR_Condition
2018-09-27 20:02:55...processing table aor_scheduled_reports
2018-09-27 20:02:56...creating table aor_scheduled_reports
2018-09-27 20:02:56...creating Relationship Meta for AOR_Scheduled_Reports
2018-09-27 20:02:57...processing table aos_contracts
2018-09-27 20:03:00...creating table aos_contracts
2018-09-27 20:03:00...creating Relationship Meta for AOS_Contracts
2018-09-27 20:03:02...processing table aos_invoices
2018-09-27 20:03:05...creating table aos_invoices
2018-09-27 20:03:05...creating Relationship Meta for AOS_Invoices
2018-09-27 20:03:06...processing table aos_pdf_templates
2018-09-27 20:03:08...creating table aos_pdf_templates
2018-09-27 20:03:08...creating Relationship Meta for AOS_PDF_Templates
2018-09-27 20:03:09...processing table aos_product_categories
2018-09-27 20:03:11...creating table aos_product_categories
2018-09-27 20:03:11...creating Relationship Meta for AOS_Product_Categories
2018-09-27 20:03:12...processing table aos_products
2018-09-27 20:03:14...creating table aos_products
2018-09-27 20:03:15...creating Relationship Meta for AOS_Products
2018-09-27 20:03:15...processing table aos_products_quotes
2018-09-27 20:03:16...creating table aos_products_quotes
2018-09-27 20:03:16...creating Relationship Meta for AOS_Products_Quotes
2018-09-27 20:03:17...processing table aos_line_item_groups
2018-09-27 20:03:18...creating table aos_line_item_groups
2018-09-27 20:03:18...creating Relationship Meta for AOS_Line_Item_Groups
2018-09-27 20:03:19...processing table aos_quotes
2018-09-27 20:03:22...creating table aos_quotes
2018-09-27 20:03:22...creating Relationship Meta for AOS_Quotes
2018-09-27 20:03:23...processing table aow_actions
2018-09-27 20:03:25...creating table aow_actions
2018-09-27 20:03:25...creating Relationship Meta for AOW_Action
2018-09-27 20:03:25...processing table aow_workflow
2018-09-27 20:03:29...creating table aow_workflow
2018-09-27 20:03:29...creating Relationship Meta for AOW_WorkFlow
2018-09-27 20:03:30...processing table aow_processed
2018-09-27 20:03:31...creating table aow_processed
2018-09-27 20:03:31...creating Relationship Meta for AOW_Processed
2018-09-27 20:03:32...processing table aow_conditions
2018-09-27 20:03:33...creating table aow_conditions
2018-09-27 20:03:33...creating Relationship Meta for AOW_Condition
2018-09-27 20:03:33...processing table jjwg_maps
2018-09-27 20:03:36...creating table jjwg_maps
2018-09-27 20:03:36...creating Relationship Meta for jjwg_Maps
2018-09-27 20:03:38...processing table jjwg_markers
2018-09-27 20:03:41...creating table jjwg_markers
2018-09-27 20:03:41...creating Relationship Meta for jjwg_Markers
2018-09-27 20:03:42...processing table jjwg_areas
2018-09-27 20:03:44...creating table jjwg_areas
2018-09-27 20:03:44...creating Relationship Meta for jjwg_Areas
2018-09-27 20:03:45...processing table jjwg_address_cache
2018-09-27 20:03:47...creating table jjwg_address_cache
2018-09-27 20:03:48...creating Relationship Meta for jjwg_Address_Cache
2018-09-27 20:03:48...processing table calls_reschedule
2018-09-27 20:03:51...creating table calls_reschedule
2018-09-27 20:03:51...creating Relationship Meta for Calls_Reschedule
2018-09-27 20:03:51...processing table securitygroups
2018-09-27 20:03:53...creating table securitygroups
2018-09-27 20:03:53...creating Relationship Meta for SecurityGroup
2018-09-27 20:03:54...processing table outbound_email
2018-09-27 20:03:57...creating table outbound_email
2018-09-27 20:03:57...creating Relationship Meta for OutboundEmailAccounts
2018-09-27 20:03:57...processing table templatesectionline
2018-09-27 20:04:00...creating table templatesectionline
2018-09-27 20:04:00...creating Relationship Meta for TemplateSectionLine
2018-09-27 20:04:00...processing table oauth2tokens
2018-09-27 20:04:01...creating table oauth2tokens
2018-09-27 20:04:01...creating Relationship Meta for OAuth2Tokens
2018-09-27 20:04:02...processing table oauth2clients
2018-09-27 20:04:02...creating table oauth2clients
2018-09-27 20:04:03...creating Relationship Meta for OAuth2Clients
2018-09-27 20:04:03...processing table surveyresponses
2018-09-27 20:04:06...creating table surveyresponses
2018-09-27 20:04:06...creating Relationship Meta for SurveyResponses
2018-09-27 20:04:07...processing table surveys
2018-09-27 20:04:10...creating table surveys
2018-09-27 20:04:10...creating Relationship Meta for Surveys
2018-09-27 20:04:11...processing table surveyquestionresponses
2018-09-27 20:04:14...creating table surveyquestionresponses
2018-09-27 20:04:14...creating Relationship Meta for SurveyQuestionResponses
2018-09-27 20:04:15...processing table surveyquestions
2018-09-27 20:04:17...creating table surveyquestions
2018-09-27 20:04:17...creating Relationship Meta for SurveyQuestions
2018-09-27 20:04:18...processing table surveyquestionoptions
2018-09-27 20:04:22...creating table surveyquestionoptions
2018-09-27 20:04:22...creating Relationship Meta for SurveyQuestionOptions
2018-09-27 20:05:40...Begin creating Defaults
2018-09-27 20:05:40...insert defaults into config table
2018-09-27 20:05:42...Creating default users
2018-09-27 20:05:44...Creating default scheduler jobs
2018-09-27 20:05:47...Enable SugarFeeds
2018-09-27 20:05:50...Installation has completed *********
2018-09-27 20:09:01...populating the db with seed data
2018-09-27 20:26:51...Save configuration settings..
2018-09-27 20:26:51...save locale
2018-09-27 20:26:51...new Administration
2018-09-27 20:26:51...retrieveSettings
2018-09-27 20:26:51...AdminWizard OFF
2018-09-27 20:26:51...saveConfig
2018-09-27 20:26:52...new Configurator
2018-09-27 20:26:52...populateFromPost
2018-09-27 20:26:52...handleOverride
2018-09-27 20:26:52...addCronAllowedUser
2018-09-27 20:26:54...saveConfig
2018-09-27 20:26:54...new Currency
2018-09-27 20:26:54...retrieve
2018-09-27 20:26:54...DBG: save currency
2018-09-27 20:26:55...Save user settings..
2018-09-27 20:26:55...DBG: SugarThemeRegistry::getDefault
2018-09-27 20:26:55...DBG: require modules/Users/Save.php