Thu Sep 27 22:26:57 2018 [5184][1][FATAL] ERROR: rmdir_recursive(): argument cache/themes/SuiteP/modules is not a file or a dir.
Thu Sep 27 22:33:42 2018 [5184][1][FATAL] log call at: modules/Administration/index.tpl:53 - MY_FRAME is not set
Thu Sep 27 22:39:22 2018 [5184][-none-][FATAL] [ERROR] [SuiteCRM] [API] [OAuth] Unable to generate private key
Thu Sep 27 22:39:22 2018 [5184][-none-][FATAL] [SuiteCRM] [API] [OAuth] Unable to generate private key
Thu Sep 27 23:23:37 2018 [5184][-none-][FATAL] [ERROR] [ResourceServer]  Code: 9 Message: The resource owner or authorization server denied the request. ErrorType: access_denied Hint: Missing "Authorization" header
Thu Sep 27 23:24:06 2018 [5184][1][FATAL] [ERROR]  Code: [8000] Status: [404] Message: [SuiteCRM] [API] [Not Found] [Resource] Detail: Api Version: 8 Source: []
Thu Sep 27 23:24:06 2018 [5184][1][FATAL] [SuiteCRM] [API] [Not Found] [Resource]
Thu Sep 27 23:25:49 2018 [5184][1][FATAL] [ERROR]  Code: [8000] Status: [404] Message: [SuiteCRM] [API] [Not Found] [Resource] Detail: Api Version: 8 Source: []
Thu Sep 27 23:25:49 2018 [5184][1][FATAL] [SuiteCRM] [API] [Not Found] [Resource]
Thu Sep 27 23:29:57 2018 [5184][1][FATAL] [ERROR]  Code: [8000] Status: [403] Message: [SuiteCRM] [API] [Not Allowed]  Detail: Api Version: 8 Source: []
Thu Sep 27 23:29:57 2018 [5184][1][FATAL] [SuiteCRM] [API] [Not Allowed] 
Thu Sep 27 23:38:41 2018 [5184][1][FATAL] log call at: modules/Administration/index.tpl:53 - MY_FRAME is not set
Fri Sep 28 09:06:48 2018 [5500][-none-][FATAL] Could not connect to DB server localhost as becfrance. port : Aucune connexion n’a pu être établie car l’ordinateur cible l’a expressément refusée.

Fri Sep 28 09:31:51 2018 [5500][-none-][FATAL] SECURITY: User authentication for admin failed
Fri Sep 28 09:31:51 2018 [5500][-none-][FATAL] FAILED LOGIN:attempts[1], ip[::1], username[admin]
Fri Sep 28 09:42:30 2018 [5500][1][FATAL] SugarPHPMailer encountered an error: An outgoing mail server is not configured to send emails. Please configure an outgoing mail server or select an outgoing mail server for the mail account that you are using in Settings >> Mail Account.
Fri Sep 28 09:42:30 2018 [5500][1][FATAL] SugarPHPMailer encountered an error: SMTP connect() failed. https://github.com/PHPMailer/PHPMailer/wiki/Troubleshooting
Fri Sep 28 09:42:30 2018 [5500][1][FATAL] SugarPHPMailer encountered an error: SMTP connect() failed. https://github.com/PHPMailer/PHPMailer/wiki/Troubleshooting
Fri Sep 28 09:42:30 2018 [5500][1][FATAL] Notifications: error sending e-mail (method: smtp), (error: SMTP connect() failed. https://github.com/PHPMailer/PHPMailer/wiki/Troubleshooting)
Fri Sep 28 09:45:17 2018 [5500][1][FATAL] SugarPHPMailer encountered an error: An outgoing mail server is not configured to send emails. Please configure an outgoing mail server or select an outgoing mail server for the mail account that you are using in Settings >> Mail Account.
Fri Sep 28 09:45:17 2018 [5500][1][FATAL] SugarPHPMailer encountered an error: SMTP connect() failed. https://github.com/PHPMailer/PHPMailer/wiki/Troubleshooting
Fri Sep 28 09:45:17 2018 [5500][1][FATAL] SugarPHPMailer encountered an error: SMTP connect() failed. https://github.com/PHPMailer/PHPMailer/wiki/Troubleshooting
Fri Sep 28 09:45:17 2018 [5500][1][FATAL] Notifications: error sending e-mail (method: smtp), (error: SMTP connect() failed. https://github.com/PHPMailer/PHPMailer/wiki/Troubleshooting)
Fri Sep 28 09:46:44 2018 [5500][1][FATAL] error loading relationship project_resource
Fri Sep 28 09:46:44 2018 [5500][1][FATAL] error loading relationship am_projecttemplates_resources
Fri Sep 28 09:46:48 2018 [5500][1][FATAL] error loading relationship project_resource
Fri Sep 28 09:46:48 2018 [5500][1][FATAL] error loading relationship am_projecttemplates_resources
Fri Sep 28 09:59:17 2018 [5500][1][FATAL] SugarPHPMailer encountered an error: An outgoing mail server is not configured to send emails. Please configure an outgoing mail server or select an outgoing mail server for the mail account that you are using in Settings >> Mail Account.
Fri Sep 28 09:59:17 2018 [5500][1][FATAL] SugarPHPMailer encountered an error: SMTP connect() failed. https://github.com/PHPMailer/PHPMailer/wiki/Troubleshooting
Fri Sep 28 09:59:17 2018 [5500][1][FATAL] SugarPHPMailer encountered an error: SMTP connect() failed. https://github.com/PHPMailer/PHPMailer/wiki/Troubleshooting
Fri Sep 28 09:59:17 2018 [5500][1][FATAL] Notifications: error sending e-mail (method: smtp), (error: SMTP connect() failed. https://github.com/PHPMailer/PHPMailer/wiki/Troubleshooting)
Fri Sep 28 10:19:31 2018 [5500][1][FATAL] SugarPHPMailer encountered an error: An outgoing mail server is not configured to send emails. Please configure an outgoing mail server or select an outgoing mail server for the mail account that you are using in Settings >> Mail Account.
Fri Sep 28 10:19:31 2018 [5500][1][FATAL] SugarPHPMailer encountered an error: SMTP connect() failed. https://github.com/PHPMailer/PHPMailer/wiki/Troubleshooting
Fri Sep 28 10:19:31 2018 [5500][1][FATAL] SugarPHPMailer encountered an error: SMTP connect() failed. https://github.com/PHPMailer/PHPMailer/wiki/Troubleshooting
Fri Sep 28 10:19:31 2018 [5500][1][FATAL] Notifications: error sending e-mail (method: smtp), (error: SMTP connect() failed. https://github.com/PHPMailer/PHPMailer/wiki/Troubleshooting)
Fri Sep 28 10:19:47 2018 [5500][1][FATAL] SugarPHPMailer encountered an error: An outgoing mail server is not configured to send emails. Please configure an outgoing mail server or select an outgoing mail server for the mail account that you are using in Settings >> Mail Account.
Fri Sep 28 10:19:47 2018 [5500][1][FATAL] SugarPHPMailer encountered an error: SMTP connect() failed. https://github.com/PHPMailer/PHPMailer/wiki/Troubleshooting
Fri Sep 28 10:19:47 2018 [5500][1][FATAL] SugarPHPMailer encountered an error: SMTP connect() failed. https://github.com/PHPMailer/PHPMailer/wiki/Troubleshooting
Fri Sep 28 10:19:52 2018 [5500][1][FATAL] SugarPHPMailer encountered an error: An outgoing mail server is not configured to send emails. Please configure an outgoing mail server or select an outgoing mail server for the mail account that you are using in Settings >> Mail Account.
Fri Sep 28 10:19:52 2018 [5500][1][FATAL] SugarPHPMailer encountered an error: SMTP connect() failed. https://github.com/PHPMailer/PHPMailer/wiki/Troubleshooting
Fri Sep 28 10:19:52 2018 [5500][1][FATAL] SugarPHPMailer encountered an error: SMTP connect() failed. https://github.com/PHPMailer/PHPMailer/wiki/Troubleshooting
Fri Sep 28 10:19:52 2018 [5500][1][FATAL] Notifications: error sending e-mail (method: smtp), (error: SMTP connect() failed. https://github.com/PHPMailer/PHPMailer/wiki/Troubleshooting)
Fri Sep 28 10:22:38 2018 [5500][1][FATAL] SugarPHPMailer encountered an error: An outgoing mail server is not configured to send emails. Please configure an outgoing mail server or select an outgoing mail server for the mail account that you are using in Settings >> Mail Account.
Fri Sep 28 10:22:38 2018 [5500][1][FATAL] SugarPHPMailer encountered an error: SMTP connect() failed. https://github.com/PHPMailer/PHPMailer/wiki/Troubleshooting
Fri Sep 28 10:22:38 2018 [5500][1][FATAL] SugarPHPMailer encountered an error: SMTP connect() failed. https://github.com/PHPMailer/PHPMailer/wiki/Troubleshooting
Fri Sep 28 10:22:38 2018 [5500][1][FATAL] Notifications: error sending e-mail (method: smtp), (error: SMTP connect() failed. https://github.com/PHPMailer/PHPMailer/wiki/Troubleshooting)
Fri Sep 28 10:22:47 2018 [5500][1][FATAL] SugarPHPMailer encountered an error: An outgoing mail server is not configured to send emails. Please configure an outgoing mail server or select an outgoing mail server for the mail account that you are using in Settings >> Mail Account.
Fri Sep 28 10:22:47 2018 [5500][1][FATAL] SugarPHPMailer encountered an error: SMTP connect() failed. https://github.com/PHPMailer/PHPMailer/wiki/Troubleshooting
Fri Sep 28 10:22:47 2018 [5500][1][FATAL] SugarPHPMailer encountered an error: SMTP connect() failed. https://github.com/PHPMailer/PHPMailer/wiki/Troubleshooting
Fri Sep 28 10:22:51 2018 [5500][1][FATAL] SugarPHPMailer encountered an error: An outgoing mail server is not configured to send emails. Please configure an outgoing mail server or select an outgoing mail server for the mail account that you are using in Settings >> Mail Account.
Fri Sep 28 10:22:51 2018 [5500][1][FATAL] SugarPHPMailer encountered an error: SMTP connect() failed. https://github.com/PHPMailer/PHPMailer/wiki/Troubleshooting
Fri Sep 28 10:22:51 2018 [5500][1][FATAL] SugarPHPMailer encountered an error: SMTP connect() failed. https://github.com/PHPMailer/PHPMailer/wiki/Troubleshooting
Fri Sep 28 10:22:51 2018 [5500][1][FATAL] Notifications: error sending e-mail (method: smtp), (error: SMTP connect() failed. https://github.com/PHPMailer/PHPMailer/wiki/Troubleshooting)
Fri Sep 28 10:35:09 2018 [5500][1][FATAL] SugarPHPMailer encountered an error: An outgoing mail server is not configured to send emails. Please configure an outgoing mail server or select an outgoing mail server for the mail account that you are using in Settings >> Mail Account.
Fri Sep 28 10:35:09 2018 [5500][1][FATAL] SugarPHPMailer encountered an error: SMTP connect() failed. https://github.com/PHPMailer/PHPMailer/wiki/Troubleshooting
Fri Sep 28 10:35:09 2018 [5500][1][FATAL] SugarPHPMailer encountered an error: SMTP connect() failed. https://github.com/PHPMailer/PHPMailer/wiki/Troubleshooting
Fri Sep 28 10:35:09 2018 [5500][1][FATAL] Notifications: error sending e-mail (method: smtp), (error: SMTP connect() failed. https://github.com/PHPMailer/PHPMailer/wiki/Troubleshooting)
Fri Sep 28 10:35:29 2018 [5500][1][FATAL] SugarPHPMailer encountered an error: An outgoing mail server is not configured to send emails. Please configure an outgoing mail server or select an outgoing mail server for the mail account that you are using in Settings >> Mail Account.
Fri Sep 28 10:35:29 2018 [5500][1][FATAL] SugarPHPMailer encountered an error: SMTP connect() failed. https://github.com/PHPMailer/PHPMailer/wiki/Troubleshooting
Fri Sep 28 10:35:29 2018 [5500][1][FATAL] SugarPHPMailer encountered an error: SMTP connect() failed. https://github.com/PHPMailer/PHPMailer/wiki/Troubleshooting
Fri Sep 28 10:35:43 2018 [5500][1][FATAL] SugarPHPMailer encountered an error: An outgoing mail server is not configured to send emails. Please configure an outgoing mail server or select an outgoing mail server for the mail account that you are using in Settings >> Mail Account.
Fri Sep 28 10:35:43 2018 [5500][1][FATAL] SugarPHPMailer encountered an error: SMTP connect() failed. https://github.com/PHPMailer/PHPMailer/wiki/Troubleshooting
Fri Sep 28 10:35:43 2018 [5500][1][FATAL] SugarPHPMailer encountered an error: SMTP connect() failed. https://github.com/PHPMailer/PHPMailer/wiki/Troubleshooting
Fri Sep 28 10:35:43 2018 [5500][1][FATAL] Notifications: error sending e-mail (method: smtp), (error: SMTP connect() failed. https://github.com/PHPMailer/PHPMailer/wiki/Troubleshooting)
Fri Sep 28 10:36:00 2018 [5500][1][FATAL] SugarPHPMailer encountered an error: An outgoing mail server is not configured to send emails. Please configure an outgoing mail server or select an outgoing mail server for the mail account that you are using in Settings >> Mail Account.
Fri Sep 28 10:36:00 2018 [5500][1][FATAL] SugarPHPMailer encountered an error: SMTP connect() failed. https://github.com/PHPMailer/PHPMailer/wiki/Troubleshooting
Fri Sep 28 10:36:00 2018 [5500][1][FATAL] SugarPHPMailer encountered an error: SMTP connect() failed. https://github.com/PHPMailer/PHPMailer/wiki/Troubleshooting
Fri Sep 28 19:54:14 2018 [8600][-none-][FATAL] Could not connect to DB server localhost as becfrance. port : Aucune connexion n’a pu être établie car l’ordinateur cible l’a expressément refusée.

